Arguments: 
  C:\Program Files\nodejs\node.exe C:\Users\JitkaM\AppData\Roaming\npm\node_modules\yarn\bin\yarn.js add @fortawesome/fontawesome-free

PATH: 
  C:\Program Files\Git\mingw64\bin;C:\Program Files\Git\usr\bin;C:\Users\JitkaM\bin;C:\Program Files (x86)\VMware\VMware Player\bin;C:\Program Files (x86)\Common Files\Oracle\Java\javapath;C:\WINDOWS\system32;C:\WINDOWS;C:\WINDOWS\System32\Wbem;C:\WINDOWS\System32\WindowsPowerShell\v1.0;C:\WINDOWS\System32\OpenSSH;C:\Program Files\Symfony;C:\xampp\php;C:\ProgramData\ComposerSetup\bin;C:\Program Files\Git\cmd;C:\Program Files\nodejs;C:\Users\JitkaM\AppData\Local\Programs\Python\Python39\Scripts;C:\Users\JitkaM\AppData\Local\Programs\Python\Python39;C:\Users\JitkaM\AppData\Local\Microsoft\WindowsApps;C:\Users\JitkaM\AppData\Local\Programs\Microsoft VS Code\bin;C:\Users\JitkaM\AppData\Roaming\Composer\vendor\bin;C:\Program Files\JetBrains\PhpStorm 2020.2.3\bin;C:\Exercism;C:\Users\JitkaM\AppData\Roaming\npm;C:\Users\JitkaM\AppData\Local\GitHubDesktop\bin

Yarn version: 
  1.22.10

Node version: 
  14.16.0

Platform: 
  win32 x64

Trace: 
  Error: EBUSY: resource busy or locked, unlink 'C:\Users\JitkaM\Desktop\JAVASCRIPT2\czech-project\node_modules\electron\dist\icudtl.dat'

npm manifest: 
  {
    "name": "czech-project",
    "version": "1.0.0",
    "description": "",
    "main": "index.js",
    "scripts": {
      "start": "electron .",
      "css-generate": "sass --watch .",
      "test": "echo \"Error: no test specified\" && exit 1"
    },
    "keywords": [],
    "author": "",
    "license": "ISC",
    "devDependencies": {
      "electron": "^12.0.2"
    },
    "dependencies": {
      "@fortawesome/fontawesome-free": "^5.15.3",
      "sass": "^1.32.12"
    }
  }

yarn manifest: 
  No manifest

Lockfile: 
  No lockfile
